<?xml version="1.0" encoding="UTF-8"?>
<testsuite name="dev.wan.services.ExpenseServiceImplTest" tests="3" skipped="0" failures="0" errors="0" timestamp="2021-03-15T15:29:55" hostname="Xians-MacBook-Pro.local" time="1.163">
  <properties/>
  <testcase name="approve_expense()" classname="dev.wan.services.ExpenseServiceImplTest" time="1.136"/>
  <testcase name="deny_expense()" classname="dev.wan.services.ExpenseServiceImplTest" time="0.011"/>
  <testcase name="createExpense()" classname="dev.wan.services.ExpenseServiceImplTest" time="0.012"/>
  <system-out><![CDATA[]]></system-out>
  <system-err><![CDATA[]]></system-err>
</testsuite>
